<?xml version="1.0" encoding="UTF-8"?>
<!-- Generated by org.testng.reporters.JUnitReportReporter -->
<testsuite hostname="SreeAbhi" failures="0" tests="1" name="TestMavenPro.TestMAven.Test1" time="3.361" errors="0" timestamp="2023-10-09T18:14:38 EDT" skipped="0">
  <testcase classname="TestMavenPro.TestMAven.Test1" name="TestMaven" time="3.361"/>
</testsuite> <!-- TestMavenPro.TestMAven.Test1 -->
